0 info it worked if it ends with ok
1 verbose cli [ '/home/vbjaime/.nvm/v7.5.0/bin/node',
1 verbose cli   '/home/vbjaime/.nvm/v7.5.0/bin/npm',
1 verbose cli   'start' ]
2 info using npm@4.1.2
3 info using node@v7.5.0
4 verbose run-script [ 'prestart', 'start', 'poststart' ]
5 info lifecycle NotiMed@1.0.0~prestart: NotiMed@1.0.0
6 silly lifecycle NotiMed@1.0.0~prestart: no script for prestart, continuing
7 info lifecycle NotiMed@1.0.0~start: NotiMed@1.0.0
8 verbose lifecycle NotiMed@1.0.0~start: unsafe-perm in lifecycle true
9 verbose lifecycle NotiMed@1.0.0~start: PATH: /home/vbjaime/.nvm/v7.5.0/lib/node_modules/npm/bin/node-gyp-bin:/home/vbjaime/workspace-semicolons/App/NotiMed/node_modules/.bin:/home/vbjaime/.nvm/v7.5.0/bin:/home/vbjaime/bin:/home/vbjaime/.local/bin:/usr/local/sbin:/usr/local/bin:/usr/sbin:/usr/bin:/sbin:/bin:/usr/games:/usr/local/games:/snap/bin:/opt/ibm-java-x86_64-80/bin:/opt/apache-ant-1.10.1/bin
10 verbose lifecycle NotiMed@1.0.0~start: CWD: /home/vbjaime/workspace-semicolons/App/NotiMed
11 silly lifecycle NotiMed@1.0.0~start: Args: [ '-c', 'node .' ]
12 silly lifecycle NotiMed@1.0.0~start: Returned: code: 1  signal: null
13 info lifecycle NotiMed@1.0.0~start: Failed to exec start script
14 verbose stack Error: NotiMed@1.0.0 start: `node .`
14 verbose stack Exit status 1
14 verbose stack     at EventEmitter.<anonymous> (/home/vbjaime/.nvm/v7.5.0/lib/node_modules/npm/lib/utils/lifecycle.js:279:16)
14 verbose stack     at emitTwo (events.js:106:13)
14 verbose stack     at EventEmitter.emit (events.js:192:7)
14 verbose stack     at ChildProcess.<anonymous> (/home/vbjaime/.nvm/v7.5.0/lib/node_modules/npm/lib/utils/spawn.js:40:14)
14 verbose stack     at emitTwo (events.js:106:13)
14 verbose stack     at ChildProcess.emit (events.js:192:7)
14 verbose stack     at maybeClose (internal/child_process.js:890:16)
14 verbose stack     at Process.ChildProcess._handle.onexit (internal/child_process.js:226:5)
15 verbose pkgid NotiMed@1.0.0
16 verbose cwd /home/vbjaime/workspace-semicolons/App/NotiMed
17 error Linux 4.4.0-59-generic
18 error argv "/home/vbjaime/.nvm/v7.5.0/bin/node" "/home/vbjaime/.nvm/v7.5.0/bin/npm" "start"
19 error node v7.5.0
20 error npm  v4.1.2
21 error code ELIFECYCLE
22 error NotiMed@1.0.0 start: `node .`
22 error Exit status 1
23 error Failed at the NotiMed@1.0.0 start script 'node .'.
23 error Make sure you have the latest version of node.js and npm installed.
23 error If you do, this is most likely a problem with the NotiMed package,
23 error not with npm itself.
23 error Tell the author that this fails on your system:
23 error     node .
23 error You can get information on how to open an issue for this project with:
23 error     npm bugs NotiMed
23 error Or if that isn't available, you can get their info via:
23 error     npm owner ls NotiMed
23 error There is likely additional logging output above.
24 verbose exit [ 1, true ]
